
   INFO  Server running on [http://127.0.0.1:8002].  

  Press Ctrl+C to stop the server

  2026-05-19 08:46:46 /api/properties .......................................................................... ~ 1s
  2026-05-19 08:47:11 /api/health .......................................................................... ~ 1.18ms
  2026-05-19 08:47:11 /api/properties .................................................................... ~ 505.92ms
  2026-05-19 08:47:20 /api/health .......................................................................... ~ 1.11ms
  2026-05-19 08:47:20 /api/properties ...................................................................... ~ 0.32ms
  2026-05-19 08:47:43 / .................................................................................. ~ 508.50ms
  2026-05-19 08:47:44 /favicon.ico ......................................................................... ~ 0.22ms
  2026-05-19 08:48:06 /api/properties ...................................................................... ~ 0.50ms
  2026-05-19 08:48:53 /api/properties ...................................................................... ~ 0.66ms
  2026-05-19 08:49:51 /api/properties ...................................................................... ~ 0.28ms
  2026-05-19 08:49:51 /api/properties .......................................................................... ~ 1s
  2026-05-19 08:53:23 /api/properties .................................................................... ~ 508.97ms
  2026-05-19 08:53:23 /api/properties .......................................................................... ~ 1s
  2026-05-19 08:53:24 /api/properties .................................................................... ~ 516.27ms
  2026-05-19 08:53:24 /api/properties .................................................................... ~ 515.53ms
  2026-05-19 08:57:35 /api/properties ...................................................................... ~ 0.70ms
  2026-05-19 08:57:35 /api/dashboard ..................................................................... ~ 503.22ms
  2026-05-19 08:57:35 /api/references .................................................................... ~ 504.29ms
  2026-05-19 08:57:55 /api/properties/1/tax-declarations ................................................. ~ 504.05ms
  2026-05-19 08:58:07 /api/properties/1/tax-declarations ................................................. ~ 505.81ms
  2026-05-19 08:58:26 /api/properties/1/tax-declarations ................................................... ~ 0.29ms
  2026-05-19 08:58:43 /api/properties/1/tax-declarations ................................................. ~ 508.77ms
  2026-05-19 08:58:54 /api/properties/1/documents ........................................................ ~ 509.57ms
  2026-05-19 08:59:08 /api/properties/1/tax-declarations ................................................... ~ 0.57ms
  2026-05-19 08:59:28 /api/dashboard ....................................................................... ~ 0.68ms
  2026-05-19 08:59:28 /api/properties .................................................................... ~ 507.27ms
  2026-05-19 08:59:43 /api/dashboard ..................................................................... ~ 516.10ms
  2026-05-19 08:59:43 /api/properties .................................................................... ~ 516.99ms
  2026-05-19 09:05:15 /api/properties .................................................................... ~ 509.26ms
  2026-05-19 09:05:15 /api/dashboard ..................................................................... ~ 510.22ms
  2026-05-19 09:07:08 /api/properties .................................................................... ~ 504.03ms
  2026-05-19 09:07:08 /api/dashboard ....................................................................... ~ 0.21ms
  2026-05-19 09:08:17 /api/references ...................................................................... ~ 0.36ms
  2026-05-19 09:08:17 /api/references ...................................................................... ~ 0.16ms
  2026-05-19 09:08:17 /api/properties .................................................................... ~ 503.82ms
  2026-05-19 09:08:17 /api/dashboard ..................................................................... ~ 504.97ms
  2026-05-19 09:08:17 /api/properties .................................................................... ~ 503.40ms
  2026-05-19 09:08:18 /api/dashboard ..................................................................... ~ 503.42ms
  2026-05-19 09:08:18 /api/properties/2/dossier ............................................................ ~ 1.12ms
  2026-05-19 09:08:18 /api/properties/2/dossier .......................................................... ~ 501.54ms
  2026-05-19 09:08:25 /api/properties/1/dossier ............................................................ ~ 0.54ms
  2026-05-19 09:08:34 /api/documents/1/download .......................................................... ~ 503.61ms
  2026-05-19 09:08:34 /favicon.ico ......................................................................... ~ 0.26ms
  2026-05-19 09:08:44 /api/properties/1/dossier ............................................................ ~ 0.59ms
  2026-05-19 09:08:44 /api/properties .................................................................... ~ 506.02ms
  2026-05-19 09:08:44 /api/documents/1/download .......................................................... ~ 508.10ms
  2026-05-19 09:09:03 /api/references ...................................................................... ~ 1.00ms
  2026-05-19 09:09:04 /api/properties .................................................................... ~ 505.07ms
  2026-05-19 09:09:04 /api/dashboard ..................................................................... ~ 507.34ms
  2026-05-19 09:09:04 /api/references ...................................................................... ~ 1.84ms
  2026-05-19 09:09:04 /api/properties/2/dossier .......................................................... ~ 511.58ms
  2026-05-19 09:09:05 /api/properties ...................................................................... ~ 0.20ms
  2026-05-19 09:09:05 /api/dashboard ..................................................................... ~ 503.71ms
  2026-05-19 09:09:05 /api/properties/2/dossier ............................................................ ~ 0.14ms
  2026-05-19 09:10:45 /api/dashboard ..................................................................... ~ 507.89ms
  2026-05-19 09:10:45 /api/health .......................................................................... ~ 0.15ms
  2026-05-19 09:11:05 /api/references ...................................................................... ~ 0.50ms
  2026-05-19 09:11:05 /api/properties ...................................................................... ~ 0.16ms
  2026-05-19 09:11:05 /api/dashboard ..................................................................... ~ 504.81ms
  2026-05-19 09:11:06 /api/properties/2/dossier ............................................................ ~ 0.14ms
  2026-05-19 09:11:08 /api/properties/1/dossier ............................................................ ~ 0.98ms
  2026-05-19 09:11:09 /api/properties/2/dossier .......................................................... ~ 503.34ms
  2026-05-19 09:11:48 /api/properties/2/dossier ............................................................ ~ 0.48ms
  2026-05-19 09:19:49 /api/references .................................................................... ~ 501.65ms
  2026-05-19 09:19:49 /api/references ...................................................................... ~ 0.17ms
  2026-05-19 09:19:49 /api/references ...................................................................... ~ 2.44ms
  2026-05-19 09:19:49 /api/properties .................................................................... ~ 511.31ms
  2026-05-19 09:19:50 /api/dashboard ........................................................................... ~ 1s
  2026-05-19 09:19:50 /api/references .................................................................... ~ 520.80ms
  2026-05-19 09:19:50 /api/properties ...................................................................... ~ 2.84ms
  2026-05-19 09:19:50 /api/dashboard ..................................................................... ~ 505.38ms
  2026-05-19 09:19:51 /api/properties .......................................................................... ~ 1s
  2026-05-19 09:19:51 /api/dashboard ..................................................................... ~ 514.44ms
  2026-05-19 09:19:51 /api/properties .................................................................... ~ 514.29ms
  2026-05-19 09:19:51 /api/dashboard ........................................................................... ~ 1s
  2026-05-19 09:22:00 /api/references .................................................................... ~ 514.68ms
  2026-05-19 09:22:01 /api/references ...................................................................... ~ 0.22ms
  2026-05-19 09:22:01 /api/properties ...................................................................... ~ 0.19ms
  2026-05-19 09:22:01 /api/dashboard ..................................................................... ~ 513.23ms
  2026-05-19 09:22:01 /api/properties .................................................................... ~ 513.79ms
  2026-05-19 09:22:01 /api/dashboard ..................................................................... ~ 512.11ms
  2026-05-19 09:22:06 /api/references ...................................................................... ~ 0.42ms
  2026-05-19 09:22:06 /api/properties .................................................................... ~ 515.44ms
  2026-05-19 09:22:06 /api/dashboard ..................................................................... ~ 516.51ms
  2026-05-19 09:22:13 /api/references ...................................................................... ~ 0.51ms
  2026-05-19 09:22:13 /api/properties .................................................................... ~ 501.88ms
  2026-05-19 09:22:13 /api/dashboard ..................................................................... ~ 503.46ms
  2026-05-19 09:22:13 /api/references ...................................................................... ~ 1.72ms
  2026-05-19 09:22:14 /api/properties .................................................................... ~ 500.53ms
  2026-05-19 09:22:14 /api/dashboard ..................................................................... ~ 501.76ms
  2026-05-19 09:22:22 /api/references ...................................................................... ~ 0.47ms
  2026-05-19 09:22:22 /api/references ...................................................................... ~ 0.18ms
  2026-05-19 09:22:22 /api/properties ...................................................................... ~ 0.15ms
  2026-05-19 09:22:22 /api/dashboard ..................................................................... ~ 514.00ms
  2026-05-19 09:22:22 /api/properties .................................................................... ~ 513.80ms
  2026-05-19 09:22:22 /api/dashboard ..................................................................... ~ 510.17ms
  2026-05-19 09:22:32 /api/references ...................................................................... ~ 0.45ms
  2026-05-19 09:22:32 /api/properties ...................................................................... ~ 0.16ms
  2026-05-19 09:22:32 /api/dashboard ..................................................................... ~ 516.38ms
  2026-05-19 09:22:32 /api/references .................................................................... ~ 516.36ms
  2026-05-19 09:22:33 /api/properties .................................................................... ~ 511.46ms
  2026-05-19 09:22:33 /api/dashboard ..................................................................... ~ 512.61ms
  2026-05-19 09:24:11 /api/dashboard ..................................................................... ~ 515.05ms
  2026-05-19 09:24:12 /api/properties/1/dossier ............................................................ ~ 0.18ms
  2026-05-19 09:24:30 /api/properties/1/tax-declarations/2/assessments ..................................... ~ 0.66ms
  2026-05-19 09:24:34 /api/references ...................................................................... ~ 0.56ms
  2026-05-19 09:24:34 /api/properties .................................................................... ~ 510.77ms
  2026-05-19 09:24:34 /api/dashboard ..................................................................... ~ 511.80ms
  2026-05-19 09:24:34 /api/properties/2/dossier ............................................................ ~ 0.15ms
  2026-05-19 09:24:42 /api/properties/1/dossier ............................................................ ~ 0.38ms
  2026-05-19 09:25:47 /api/references ...................................................................... ~ 0.47ms
  2026-05-19 09:25:47 /api/properties .................................................................... ~ 515.05ms
  2026-05-19 09:25:47 /api/dashboard ..................................................................... ~ 516.02ms
  2026-05-19 09:25:47 /api/properties/2/dossier ............................................................ ~ 0.27ms
  2026-05-19 09:40:17 /api/references ...................................................................... ~ 0.56ms
  2026-05-19 09:40:17 /api/properties .................................................................... ~ 513.34ms
  2026-05-19 09:40:17 /api/dashboard ..................................................................... ~ 514.67ms
  2026-05-19 09:40:17 /api/properties/2/dossier .......................................................... ~ 512.32ms
  2026-05-19 09:40:22 /api/properties ...................................................................... ~ 0.35ms
  2026-05-19 09:40:22 /api/dashboard ....................................................................... ~ 1.25ms
  2026-05-19 09:40:22 /api/properties/2/dossier .......................................................... ~ 513.31ms
  2026-05-19 09:49:59 /api/references .................................................................... ~ 514.14ms
  2026-05-19 09:50:00 /api/properties ...................................................................... ~ 0.22ms
  2026-05-19 09:50:00 /api/dashboard ..................................................................... ~ 512.50ms
  2026-05-19 09:50:00 /api/properties/2/dossier ............................................................ ~ 0.18ms
  2026-05-19 09:50:02 /api/properties ...................................................................... ~ 0.35ms
  2026-05-19 09:50:02 /api/dashboard ..................................................................... ~ 512.95ms
  2026-05-19 09:50:02 /api/properties/2/dossier ............................................................ ~ 0.16ms
  2026-05-19 09:52:50 /api/properties/1/documents .......................................................... ~ 0.39ms
  2026-05-19 09:53:07 /api/references ...................................................................... ~ 0.38ms
  2026-05-19 09:53:07 /api/properties .................................................................... ~ 502.66ms
  2026-05-19 09:57:12 /api/references .................................................................... ~ 500.56ms
  2026-05-19 09:57:12 /api/properties ...................................................................... ~ 0.13ms
  2026-05-19 09:57:12 /api/dashboard ..................................................................... ~ 513.84ms
  2026-05-19 09:57:13 /api/properties/2/dossier ............................................................ ~ 0.22ms
  2026-05-19 09:57:16 /api/properties/2/dossier .......................................................... ~ 501.52ms
  2026-05-19 09:57:19 /api/properties/1/dossier ............................................................ ~ 0.51ms
  2026-05-19 10:00:11 /api/dashboard ....................................................................... ~ 0.49ms
  2026-05-19 10:01:22 /api/properties/1/dossier .......................................................... ~ 514.56ms
  2026-05-19 10:01:31 /api/properties/1/dossier ............................................................ ~ 0.44ms
  2026-05-19 10:02:11 /api/references .................................................................... ~ 500.62ms
  2026-05-19 10:02:11 /api/properties ...................................................................... ~ 0.15ms
  2026-05-19 10:02:11 /api/dashboard ..................................................................... ~ 513.14ms
  2026-05-19 10:02:12 /api/properties/2/dossier ............................................................ ~ 0.26ms
  2026-05-19 10:07:34 /api/properties ...................................................................... ~ 0.49ms
  2026-05-19 10:07:34 /api/dashboard ..................................................................... ~ 513.10ms
  2026-05-19 10:07:34 /api/properties/2/dossier ............................................................ ~ 0.27ms
  2026-05-19 10:08:09 /api/properties ...................................................................... ~ 0.44ms
  2026-05-19 10:08:09 /api/dashboard ....................................................................... ~ 0.14ms
  2026-05-19 10:08:10 /api/properties/1/dossier .......................................................... ~ 512.10ms
  2026-05-19 10:08:12 /api/properties/1/dossier ............................................................ ~ 0.86ms
  2026-05-19 10:13:41 /api/properties ...................................................................... ~ 1.38ms
  2026-05-19 10:13:41 /api/dashboard ..................................................................... ~ 514.72ms
  2026-05-19 10:13:52 /api/auth/login .................................................................... ~ 500.88ms
  2026-05-19 10:14:30 /api/references ...................................................................... ~ 0.32ms
  2026-05-19 10:14:30 /api/properties ...................................................................... ~ 0.28ms
  2026-05-19 10:14:30 /api/dashboard ..................................................................... ~ 512.07ms
  2026-05-19 10:18:45 /api/auth/login .................................................................... ~ 514.63ms
  2026-05-19 10:18:46 /api/auth/me ......................................................................... ~ 0.14ms
  2026-05-19 10:18:46 /api/dashboard ..................................................................... ~ 521.61ms
  2026-05-19 10:18:46 /api/properties/1/documents/1/movements .............................................. ~ 0.21ms
  2026-05-19 10:19:06 /api/auth/login .................................................................... ~ 514.77ms
  2026-05-19 10:19:06 /api/properties/1/documents .......................................................... ~ 0.17ms
  2026-05-19 10:23:49 /api/auth/login .................................................................... ~ 501.74ms
  2026-05-19 10:23:49 /api/auth/login .................................................................... ~ 514.73ms
  2026-05-19 10:23:49 /api/auth/login .......................................................................... ~ 1s
  2026-05-19 10:23:50 /api/properties/export.csv ......................................................... ~ 503.61ms
  2026-05-19 10:23:50 /api/properties .................................................................... ~ 515.48ms
  2026-05-19 10:23:50 /api/backup/export ....................................................................... ~ 1s
  2026-05-19 10:24:25 /api/auth/login ...................................................................... ~ 0.45ms
  2026-05-19 10:24:25 /api/auth/login .................................................................... ~ 515.58ms
  2026-05-19 10:24:26 /api/references ...................................................................... ~ 0.23ms
  2026-05-19 10:24:26 /api/references .................................................................... ~ 514.17ms
  2026-05-19 10:24:26 /api/properties ...................................................................... ~ 0.47ms
  2026-05-19 10:24:26 /api/dashboard ....................................................................... ~ 0.25ms
  2026-05-19 10:24:26 /api/properties .................................................................... ~ 512.93ms
  2026-05-19 10:24:26 /api/dashboard ..................................................................... ~ 513.00ms
  2026-05-19 10:24:27 /api/properties/2/dossier ............................................................ ~ 0.21ms
  2026-05-19 10:24:27 /api/properties/2/dossier .......................................................... ~ 512.05ms
  2026-05-19 10:24:38 /api/properties/2/dossier ............................................................ ~ 0.49ms
  2026-05-19 10:24:38 /api/properties/2/dossier ............................................................ ~ 0.26ms
  2026-05-19 11:52:39 /api/properties/1/dossier ................................................................ ~ 7s
  2026-05-19 11:52:47 /api/properties/1/dossier ............................................................ ~ 0.19ms
  2026-05-19 11:52:47 /api/properties/1/dossier ................................................................ ~ 2s
  2026-05-19 11:52:49 /api/properties/1/dossier .......................................................... ~ 500.87ms
  2026-05-19 13:02:18 /api/auth/logout ..................................................................... ~ 0.58ms
  2026-05-19 13:02:19 /api/auth/logout ................................................................... ~ 501.60ms
  2026-05-19 13:02:20 /api/auth/login ...................................................................... ~ 0.39ms
  2026-05-19 13:02:21 /api/auth/login .......................................................................... ~ 1s
  2026-05-19 13:02:22 /api/references ...................................................................... ~ 0.14ms
  2026-05-19 13:02:22 /api/references ...................................................................... ~ 0.14ms
  2026-05-19 13:02:22 /api/properties ...................................................................... ~ 0.19ms
  2026-05-19 13:02:22 /api/dashboard ..................................................................... ~ 501.83ms
  2026-05-19 13:02:22 /api/properties .................................................................... ~ 503.08ms
  2026-05-19 13:02:22 /api/dashboard ..................................................................... ~ 502.24ms
  2026-05-19 13:02:23 /api/properties/2/dossier ............................................................ ~ 0.15ms
  2026-05-19 13:02:23 /api/properties/2/dossier ............................................................ ~ 0.23ms
  2026-05-19 13:02:29 /api/backup/export ................................................................. ~ 508.15ms
  2026-05-19 13:02:29 /api/backup/export ................................................................... ~ 0.20ms
  2026-05-19 13:02:36 /api/properties/export.csv ........................................................... ~ 0.31ms
  2026-05-19 13:02:36 /api/properties/export.csv ......................................................... ~ 503.59ms
  2026-05-19 13:43:31 /api/auth/me ......................................................................... ~ 0.69ms
  2026-05-19 13:43:32 /api/auth/me ....................................................................... ~ 515.46ms
  2026-05-19 13:43:32 /api/references .................................................................... ~ 513.36ms
  2026-05-19 13:43:32 /api/references ...................................................................... ~ 0.20ms
  2026-05-19 13:43:33 /api/properties ...................................................................... ~ 0.27ms
  2026-05-19 13:43:33 /api/dashboard ..................................................................... ~ 516.88ms
  2026-05-19 13:43:33 /api/properties .................................................................... ~ 516.52ms
  2026-05-19 13:43:33 /api/dashboard ..................................................................... ~ 510.17ms
  2026-05-19 13:43:34 /api/auth/me ....................................................................... ~ 507.60ms
  2026-05-19 13:43:34 /api/auth/me ....................................................................... ~ 502.35ms
  2026-05-19 13:43:34 /api/references ...................................................................... ~ 0.21ms
  2026-05-19 13:43:35 /api/references ...................................................................... ~ 0.22ms
  2026-05-19 13:43:35 /api/properties .................................................................... ~ 501.20ms
  2026-05-19 13:43:35 /api/dashboard ....................................................................... ~ 0.24ms
  2026-05-19 13:43:35 /api/properties .................................................................... ~ 501.90ms
  2026-05-19 13:43:35 /api/dashboard ..................................................................... ~ 504.46ms
  2026-05-19 13:43:40 /api/auth/me ....................................................................... ~ 505.05ms
  2026-05-19 13:43:41 /api/auth/me ............................................................................. ~ 1s
  2026-05-19 13:43:42 /api/references .................................................................... ~ 507.51ms
  2026-05-19 13:43:42 /api/references .................................................................... ~ 515.61ms
  2026-05-19 13:43:43 /api/auth/me ....................................................................... ~ 509.65ms
  2026-05-19 13:43:43 /api/properties .................................................................... ~ 513.84ms
  2026-05-19 13:43:43 /api/dashboard ..................................................................... ~ 516.45ms
  2026-05-19 13:43:44 /api/auth/me ....................................................................... ~ 514.45ms
  2026-05-19 13:43:44 /api/properties .......................................................................... ~ 1s
  2026-05-19 13:43:44 /api/dashboard ........................................................................... ~ 1s
  2026-05-19 13:43:45 /api/references .................................................................... ~ 511.18ms
  2026-05-19 13:43:46 /api/references .................................................................... ~ 510.80ms
  2026-05-19 13:43:46 /api/properties .................................................................... ~ 513.79ms
  2026-05-19 13:43:47 /api/dashboard ....................................................................... ~ 0.25ms
  2026-05-19 13:43:47 /api/properties .................................................................... ~ 513.64ms
  2026-05-19 13:43:47 /api/dashboard ........................................................................... ~ 1s
  2026-05-19 13:49:34 /api/auth/me ....................................................................... ~ 506.37ms
  2026-05-19 13:49:35 /api/auth/me ......................................................................... ~ 0.21ms
  2026-05-19 13:49:35 /api/references .................................................................... ~ 501.39ms
  2026-05-19 13:49:35 /api/references ...................................................................... ~ 0.25ms
  2026-05-19 13:49:35 /api/properties .................................................................... ~ 514.14ms
  2026-05-19 13:49:36 /api/dashboard ....................................................................... ~ 0.24ms
  2026-05-19 13:49:36 /api/properties .................................................................... ~ 517.25ms
  2026-05-19 13:49:36 /api/dashboard ..................................................................... ~ 516.94ms
  2026-05-19 13:52:04 /api/auth/me ......................................................................... ~ 0.35ms
  2026-05-19 13:52:04 /api/auth/me ....................................................................... ~ 502.46ms
  2026-05-19 13:52:04 /api/references ...................................................................... ~ 0.26ms
  2026-05-19 13:52:05 /api/references ...................................................................... ~ 0.28ms
  2026-05-19 13:52:05 /api/properties .................................................................... ~ 515.78ms
  2026-05-19 13:52:05 /api/dashboard ....................................................................... ~ 0.15ms
  2026-05-19 13:52:05 /api/properties ...................................................................... ~ 1.17ms
  2026-05-19 13:52:05 /api/dashboard ..................................................................... ~ 514.47ms
  2026-05-19 13:52:09 /api/properties ...................................................................... ~ 0.38ms
  2026-05-19 13:52:09 /api/dashboard ..................................................................... ~ 501.15ms
  2026-05-19 13:52:09 /api/properties .................................................................... ~ 502.27ms
  2026-05-19 13:52:09 /api/dashboard ..................................................................... ~ 513.78ms
  2026-05-19 13:52:15 /api/properties/2/dossier ............................................................ ~ 0.60ms
  2026-05-19 13:52:15 /api/properties/2/dossier ............................................................ ~ 0.28ms
  2026-05-19 13:59:20 /api/properties .................................................................... ~ 505.89ms
  2026-05-19 13:59:20 /api/dashboard ..................................................................... ~ 513.40ms
  2026-05-19 13:59:20 /api/properties .......................................................................... ~ 1s
  2026-05-19 13:59:21 /api/dashboard ..................................................................... ~ 504.52ms
  2026-05-19 13:59:32 /api/properties .................................................................... ~ 501.40ms
  2026-05-19 13:59:32 /api/dashboard ....................................................................... ~ 0.20ms
  2026-05-19 13:59:32 /api/properties .................................................................... ~ 516.58ms
  2026-05-19 13:59:33 /api/dashboard ..................................................................... ~ 516.66ms
  2026-05-19 14:07:56 /api/auth/me ............................................................................. ~ 1s
  2026-05-19 14:07:57 /api/auth/me ....................................................................... ~ 514.31ms
  2026-05-19 14:07:58 /api/references .................................................................... ~ 513.21ms
  2026-05-19 14:07:58 /api/references ...................................................................... ~ 0.29ms
  2026-05-19 14:07:58 /api/properties ...................................................................... ~ 0.52ms
  2026-05-19 14:07:59 /api/dashboard ..................................................................... ~ 501.94ms
  2026-05-19 14:07:59 /api/properties .................................................................... ~ 504.91ms
  2026-05-19 14:07:59 /api/dashboard ..................................................................... ~ 517.00ms
  2026-05-19 14:08:04 /api/properties/1/dossier ............................................................ ~ 0.44ms
  2026-05-19 14:08:04 /api/properties/1/dossier .......................................................... ~ 516.11ms
  2026-05-19 14:09:43 /api/auth/me ....................................................................... ~ 504.28ms
  2026-05-19 14:09:44 /api/auth/me ......................................................................... ~ 0.27ms
  2026-05-19 14:09:44 /api/references .................................................................... ~ 501.55ms
  2026-05-19 14:09:44 /api/references ...................................................................... ~ 0.20ms
  2026-05-19 14:09:45 /api/properties ...................................................................... ~ 0.18ms
  2026-05-19 14:09:45 /api/dashboard ..................................................................... ~ 504.59ms
  2026-05-19 14:09:45 /api/properties .................................................................... ~ 505.78ms
  2026-05-19 14:09:45 /api/dashboard ..................................................................... ~ 505.55ms
  2026-05-19 14:09:53 /api/properties ...................................................................... ~ 0.41ms
  2026-05-19 14:09:53 /api/dashboard ..................................................................... ~ 506.68ms
  2026-05-19 14:09:53 /api/properties .................................................................... ~ 508.00ms
  2026-05-19 14:09:53 /api/dashboard ..................................................................... ~ 504.58ms
  2026-05-19 14:11:47 /api/properties/2/dossier .......................................................... ~ 507.32ms
  2026-05-19 14:11:47 /api/properties/2/dossier ............................................................ ~ 0.18ms
  2026-05-19 14:12:31 /api/properties/1/dossier ............................................................ ~ 0.89ms
  2026-05-19 14:12:31 /api/properties/1/dossier .......................................................... ~ 504.49ms
  2026-05-19 14:21:42 /api/auth/me ....................................................................... ~ 507.15ms
  2026-05-19 14:21:42 /api/auth/me ....................................................................... ~ 505.77ms
  2026-05-19 14:21:42 /api/references .................................................................... ~ 515.40ms
  2026-05-19 14:21:43 /api/auth/me ......................................................................... ~ 0.53ms
  2026-05-19 14:21:43 /api/references .................................................................... ~ 514.91ms
  2026-05-19 14:21:43 /api/auth/me ............................................................................. ~ 1s
  2026-05-19 14:21:44 /api/properties ...................................................................... ~ 0.36ms
  2026-05-19 14:21:44 /api/dashboard ..................................................................... ~ 516.15ms
  2026-05-19 14:21:44 /api/references .......................................................................... ~ 1s
  2026-05-19 14:21:45 /api/properties .................................................................... ~ 504.92ms
  2026-05-19 14:21:45 /api/auth/me ....................................................................... ~ 518.74ms
  2026-05-19 14:21:45 /api/dashboard ........................................................................... ~ 1s
  2026-05-19 14:21:46 /api/references .......................................................................... ~ 1s
  2026-05-19 14:21:46 /api/auth/me ............................................................................. ~ 1s
  2026-05-19 14:21:46 /api/auth/me ....................................................................... ~ 506.78ms
  2026-05-19 14:21:47 /api/properties/2/dossier ............................................................ ~ 1.93ms
  2026-05-19 14:21:47 /api/properties .................................................................... ~ 514.22ms
  2026-05-19 14:21:47 /api/dashboard ..................................................................... ~ 514.21ms
  2026-05-19 14:21:47 /api/references .................................................................... ~ 505.31ms
  2026-05-19 14:21:48 /api/auth/me ....................................................................... ~ 505.84ms
  2026-05-19 14:21:48 /api/properties/2/dossier .......................................................... ~ 502.40ms
  2026-05-19 14:21:48 /api/properties .......................................................................... ~ 1s
  2026-05-19 14:21:49 /api/dashboard ........................................................................... ~ 1s
  2026-05-19 14:21:49 /api/references .................................................................... ~ 505.53ms
  2026-05-19 14:21:49 /api/references .................................................................... ~ 502.21ms
  2026-05-19 14:21:50 /api/properties/2/dossier .......................................................... ~ 502.06ms
  2026-05-19 14:21:50 /api/properties ...................................................................... ~ 1.50ms
  2026-05-19 14:21:50 /api/dashboard ..................................................................... ~ 516.67ms
  2026-05-19 14:21:50 /api/references .................................................................... ~ 517.04ms
  2026-05-19 14:21:50 /api/properties/2/dossier .......................................................... ~ 503.85ms
  2026-05-19 14:21:51 /api/properties .......................................................................... ~ 1s
  2026-05-19 14:21:51 /api/dashboard ..................................................................... ~ 505.17ms
  2026-05-19 14:21:52 /api/properties .................................................................... ~ 517.02ms
  2026-05-19 14:21:52 /api/dashboard ..................................................................... ~ 516.60ms
  2026-05-19 14:21:52 /api/properties/2/dossier ............................................................ ~ 1.38ms
  2026-05-19 14:21:52 /api/properties .................................................................... ~ 502.37ms
  2026-05-19 14:21:52 /api/dashboard ........................................................................... ~ 1s
  2026-05-19 14:21:53 /api/properties/2/dossier .......................................................... ~ 507.58ms
  2026-05-19 14:21:53 /api/properties/2/dossier .......................................................... ~ 501.90ms
  2026-05-19 14:21:53 /api/properties/2/dossier ............................................................ ~ 0.19ms
  2026-05-19 14:22:02 /api/auth/me ....................................................................... ~ 516.28ms
  2026-05-19 14:22:03 /api/auth/me ....................................................................... ~ 512.64ms
  2026-05-19 14:22:03 /api/references ...................................................................... ~ 0.21ms
  2026-05-19 14:22:03 /api/references .................................................................... ~ 514.72ms
  2026-05-19 14:22:03 /api/properties ...................................................................... ~ 0.38ms
  2026-05-19 14:22:04 /api/dashboard ..................................................................... ~ 516.35ms
  2026-05-19 14:22:04 /api/properties .................................................................... ~ 518.16ms
  2026-05-19 14:22:04 /api/dashboard ..................................................................... ~ 503.68ms
  2026-05-19 14:22:05 /api/properties/2/dossier .......................................................... ~ 514.74ms
  2026-05-19 14:22:05 /api/properties/2/dossier ............................................................ ~ 0.23ms
  2026-05-19 14:25:09 /api/auth/me ....................................................................... ~ 504.34ms
  2026-05-19 14:25:09 /api/auth/me ......................................................................... ~ 0.42ms
  2026-05-19 14:25:09 /api/references .................................................................... ~ 500.71ms
  2026-05-19 14:25:09 /api/references ...................................................................... ~ 0.36ms
  2026-05-19 14:25:10 /api/properties .................................................................... ~ 514.58ms
  2026-05-19 14:25:10 /api/dashboard ....................................................................... ~ 0.22ms
  2026-05-19 14:25:10 /api/properties .................................................................... ~ 513.14ms
  2026-05-19 14:25:10 /api/dashboard ........................................................................... ~ 1s
  2026-05-19 14:25:11 /api/properties/2/dossier ............................................................ ~ 0.20ms
  2026-05-19 14:25:11 /api/properties/2/dossier .......................................................... ~ 509.45ms
  2026-05-19 14:25:19 /api/auth/me ....................................................................... ~ 508.55ms
  2026-05-19 14:25:19 /api/auth/me ......................................................................... ~ 0.54ms
  2026-05-19 14:25:19 /api/references .................................................................... ~ 515.58ms
  2026-05-19 14:25:20 /api/references .................................................................... ~ 523.09ms
  2026-05-19 14:25:20 /api/properties .................................................................... ~ 504.26ms
  2026-05-19 14:25:21 /api/dashboard ..................................................................... ~ 504.41ms
  2026-05-19 14:25:21 /api/properties .......................................................................... ~ 1s
  2026-05-19 14:25:21 /api/dashboard ........................................................................... ~ 1s
  2026-05-19 14:25:22 /api/properties/2/dossier ............................................................ ~ 0.87ms
  2026-05-19 14:25:22 /api/properties/2/dossier ................................................................ ~ 1s
  2026-05-19 14:26:11 /api/auth/me ......................................................................... ~ 0.60ms
  2026-05-19 14:26:12 /api/auth/me ....................................................................... ~ 514.51ms
  2026-05-19 14:26:12 /api/references .................................................................... ~ 511.03ms
  2026-05-19 14:26:12 /api/references ...................................................................... ~ 0.25ms
  2026-05-19 14:26:13 /api/properties .................................................................... ~ 504.92ms
  2026-05-19 14:26:13 /api/dashboard ....................................................................... ~ 0.36ms
  2026-05-19 14:26:13 /api/properties .................................................................... ~ 503.67ms
  2026-05-19 14:26:13 /api/dashboard ..................................................................... ~ 503.79ms
  2026-05-19 14:26:14 /api/properties/2/dossier .......................................................... ~ 514.27ms
  2026-05-19 14:26:14 /api/properties/2/dossier ............................................................ ~ 0.27ms
  2026-05-19 14:28:07 /api/auth/me ......................................................................... ~ 0.95ms
  2026-05-19 14:28:07 /api/auth/me ....................................................................... ~ 503.61ms
  2026-05-19 14:28:08 /api/references ...................................................................... ~ 0.20ms
  2026-05-19 14:28:08 /api/references .................................................................... ~ 503.99ms
  2026-05-19 14:28:08 /api/properties ...................................................................... ~ 0.17ms
  2026-05-19 14:28:08 /api/dashboard ....................................................................... ~ 0.20ms
  2026-05-19 14:28:08 /api/properties .................................................................... ~ 504.82ms
  2026-05-19 14:28:08 /api/dashboard ..................................................................... ~ 504.91ms
  2026-05-19 14:28:09 /api/properties/2/dossier ............................................................ ~ 0.18ms
  2026-05-19 14:28:09 /api/properties/2/dossier .......................................................... ~ 516.01ms
  2026-05-19 14:32:13 /api/auth/me ....................................................................... ~ 516.47ms
  2026-05-19 14:32:13 /api/auth/me ....................................................................... ~ 501.02ms
  2026-05-19 14:32:14 /api/references .................................................................... ~ 500.59ms
  2026-05-19 14:32:14 /api/references ...................................................................... ~ 0.27ms
  2026-05-19 14:32:14 /api/properties .................................................................... ~ 515.74ms
  2026-05-19 14:32:14 /api/dashboard ....................................................................... ~ 0.33ms
  2026-05-19 14:32:14 /api/properties .................................................................... ~ 505.28ms
  2026-05-19 14:32:14 /api/dashboard ..................................................................... ~ 505.13ms
  2026-05-19 14:32:15 /api/properties/2/dossier ............................................................ ~ 0.25ms
  2026-05-19 14:32:15 /api/properties/2/dossier .......................................................... ~ 500.64ms
  2026-05-19 14:32:42 /api/auth/me ....................................................................... ~ 514.07ms
  2026-05-19 14:32:43 /api/auth/me ......................................................................... ~ 0.48ms
  2026-05-19 14:32:43 /api/references .................................................................... ~ 515.94ms
  2026-05-19 14:32:43 /api/references ...................................................................... ~ 0.27ms
  2026-05-19 14:32:44 /api/properties .................................................................... ~ 505.15ms
  2026-05-19 14:32:44 /api/dashboard ....................................................................... ~ 0.19ms
  2026-05-19 14:32:44 /api/properties .................................................................... ~ 504.71ms
  2026-05-19 14:32:44 /api/dashboard ..................................................................... ~ 505.45ms
  2026-05-19 14:32:45 /api/properties/2/dossier .......................................................... ~ 504.81ms
  2026-05-19 14:32:45 /api/properties/2/dossier .......................................................... ~ 501.20ms
  2026-05-19 14:51:14 /api/auth/me ............................................................................. ~ 1s
  2026-05-19 14:51:15 /api/auth/me ....................................................................... ~ 504.88ms
  2026-05-19 14:51:15 /api/references ...................................................................... ~ 0.38ms
  2026-05-19 14:51:16 /api/references .................................................................... ~ 512.27ms
  2026-05-19 14:51:16 /api/auth/me ....................................................................... ~ 514.19ms
  2026-05-19 14:51:16 /api/properties ...................................................................... ~ 0.35ms
  2026-05-19 14:51:16 /api/dashboard ..................................................................... ~ 505.37ms
  2026-05-19 14:51:17 /api/auth/me ....................................................................... ~ 509.23ms
  2026-05-19 14:51:17 /api/properties .................................................................... ~ 513.03ms
  2026-05-19 14:51:17 /api/dashboard ........................................................................... ~ 1s
  2026-05-19 14:51:18 /api/references .......................................................................... ~ 1s
  2026-05-19 14:51:19 /api/auth/me ......................................................................... ~ 0.34ms
  2026-05-19 14:51:19 /api/auth/me ....................................................................... ~ 509.08ms
  2026-05-19 14:51:19 /api/references ...................................................................... ~ 0.24ms
  2026-05-19 14:51:19 /api/references .................................................................... ~ 513.77ms
  2026-05-19 14:51:20 /api/properties ...................................................................... ~ 0.29ms
  2026-05-19 14:51:20 /api/dashboard ....................................................................... ~ 0.33ms
  2026-05-19 14:51:20 /api/properties .................................................................... ~ 516.47ms
  2026-05-19 14:51:20 /api/dashboard ..................................................................... ~ 515.82ms
  2026-05-19 14:52:11 /api/auth/me ......................................................................... ~ 0.59ms
  2026-05-19 14:52:11 /api/auth/me ....................................................................... ~ 501.47ms
  2026-05-19 14:52:11 /api/references ...................................................................... ~ 0.14ms
  2026-05-19 14:52:11 /api/references ...................................................................... ~ 0.13ms
  2026-05-19 14:52:12 /api/properties ...................................................................... ~ 0.13ms
  2026-05-19 14:52:12 /api/dashboard ..................................................................... ~ 502.52ms
  2026-05-19 14:52:12 /api/properties .................................................................... ~ 504.68ms
  2026-05-19 14:52:12 /api/dashboard ....................................................................... ~ 1.85ms
  2026-05-19 14:53:58 /api/auth/me ......................................................................... ~ 0.48ms
  2026-05-19 14:53:58 /api/auth/me ....................................................................... ~ 515.14ms
  2026-05-19 14:53:59 /api/references ...................................................................... ~ 0.22ms
  2026-05-19 14:53:59 /api/references ...................................................................... ~ 0.20ms
  2026-05-19 14:53:59 /api/properties .................................................................... ~ 513.82ms
  2026-05-19 14:53:59 /api/dashboard ....................................................................... ~ 0.19ms
  2026-05-19 14:53:59 /api/properties ...................................................................... ~ 1.43ms
  2026-05-19 14:53:59 /api/dashboard ..................................................................... ~ 513.14ms
  2026-05-19 14:58:57 /api/auth/login ...................................................................... ~ 0.31ms
  2026-05-19 14:58:57 /api/auth/login .................................................................... ~ 504.74ms
  2026-05-19 14:58:58 /api/references ...................................................................... ~ 0.20ms
  2026-05-19 14:58:58 /api/references ...................................................................... ~ 0.15ms
  2026-05-19 14:58:58 /api/properties .................................................................... ~ 504.01ms
  2026-05-19 14:58:58 /api/dashboard ....................................................................... ~ 0.17ms
  2026-05-19 14:58:58 /api/properties ...................................................................... ~ 1.11ms
  2026-05-19 14:58:58 /api/dashboard ..................................................................... ~ 512.73ms
  2026-05-19 14:59:03 /api/properties/1/dossier ............................................................ ~ 0.31ms
  2026-05-19 14:59:03 /api/properties/1/dossier ............................................................ ~ 0.22ms
  2026-05-19 15:00:55 /api/auth/me ......................................................................... ~ 0.49ms
  2026-05-19 15:00:55 /api/auth/me ......................................................................... ~ 0.29ms
  2026-05-19 15:00:55 /api/references .................................................................... ~ 502.82ms
  2026-05-19 15:00:55 /api/references ...................................................................... ~ 0.21ms
  2026-05-19 15:00:56 /api/properties ...................................................................... ~ 0.20ms
  2026-05-19 15:00:56 /api/dashboard ....................................................................... ~ 0.17ms
  2026-05-19 15:00:56 /api/properties .................................................................... ~ 513.26ms
  2026-05-19 15:00:56 /api/dashboard ..................................................................... ~ 512.93ms
  2026-05-19 15:01:04 /api/properties/1/dossier ............................................................ ~ 0.40ms
  2026-05-19 15:01:04 /api/properties/1/dossier .......................................................... ~ 516.00ms
  2026-05-19 15:02:57 /api/properties/1/dossier ............................................................ ~ 0.42ms
  2026-05-19 15:02:57 /api/properties/1/dossier .......................................................... ~ 514.56ms
  2026-05-19 15:03:04 /api/properties ...................................................................... ~ 0.47ms
  2026-05-19 15:03:04 /api/dashboard ....................................................................... ~ 0.29ms
  2026-05-19 15:03:04 /api/properties .................................................................... ~ 508.20ms
  2026-05-19 15:03:04 /api/dashboard ..................................................................... ~ 508.32ms
  2026-05-19 15:03:05 /api/properties/2/dossier ............................................................ ~ 0.13ms
  2026-05-19 15:03:05 /api/properties/2/dossier .......................................................... ~ 514.46ms
  2026-05-19 15:03:06 /api/properties/2/dossier .......................................................... ~ 502.64ms
  2026-05-19 15:03:06 /api/properties/2/dossier ............................................................ ~ 0.13ms
  2026-05-19 15:03:14 /api/properties ...................................................................... ~ 0.39ms
  2026-05-19 15:03:14 /api/dashboard ..................................................................... ~ 503.09ms
  2026-05-19 15:03:14 /api/properties .................................................................... ~ 504.32ms
  2026-05-19 15:03:15 /api/dashboard ..................................................................... ~ 502.26ms
  2026-05-19 15:03:15 /api/properties/2/dossier ............................................................ ~ 0.14ms
  2026-05-19 15:03:15 /api/properties/2/dossier ............................................................ ~ 0.13ms
  2026-05-19 15:03:18 /api/properties ...................................................................... ~ 0.50ms
  2026-05-19 15:03:18 /api/dashboard ....................................................................... ~ 0.24ms
  2026-05-19 15:03:18 /api/properties .................................................................... ~ 505.52ms
  2026-05-19 15:03:19 /api/dashboard ..................................................................... ~ 505.40ms
  2026-05-19 15:03:19 /api/properties/2/dossier ............................................................ ~ 0.19ms
  2026-05-19 15:03:19 /api/properties/2/dossier .......................................................... ~ 502.70ms
  2026-05-19 15:03:31 /api/properties ...................................................................... ~ 0.41ms
  2026-05-19 15:03:31 /api/dashboard ..................................................................... ~ 508.18ms
  2026-05-19 15:03:31 /api/properties .................................................................... ~ 509.22ms
  2026-05-19 15:03:31 /api/dashboard ..................................................................... ~ 501.67ms
  2026-05-19 15:03:31 /api/properties/1/dossier ............................................................ ~ 0.15ms
  2026-05-19 15:03:31 /api/properties/1/dossier ............................................................ ~ 0.22ms
  2026-05-19 15:03:32 /api/properties/1/dossier .......................................................... ~ 500.57ms
  2026-05-19 15:03:32 /api/properties/1/dossier ............................................................ ~ 0.22ms
  2026-05-19 15:03:57 /api/documents/1/download ............................................................ ~ 0.39ms
  2026-05-19 15:03:58 /api/documents/1/download ............................................................ ~ 0.13ms
  2026-05-19 15:12:13 /api/auth/me ......................................................................... ~ 0.78ms
  2026-05-19 15:12:13 /api/auth/me ....................................................................... ~ 504.96ms
  2026-05-19 15:12:13 /api/references ...................................................................... ~ 0.14ms
  2026-05-19 15:12:13 /api/references ...................................................................... ~ 0.16ms
  2026-05-19 15:12:13 /api/properties .................................................................... ~ 503.37ms
  2026-05-19 15:12:13 /api/dashboard ....................................................................... ~ 0.15ms
  2026-05-19 15:12:13 /api/properties ...................................................................... ~ 1.43ms
  2026-05-19 15:12:14 /api/dashboard ..................................................................... ~ 514.50ms
  2026-05-19 15:12:17 /api/properties/2/dossier .......................................................... ~ 501.11ms
  2026-05-19 15:12:18 /api/properties/2/dossier ............................................................ ~ 0.14ms
